# JRE version: OpenJDK Runtime Environment (8.0_292-b10) (build 1.8.0_292-8u292-b10-0ubuntu1~20.04-b10)
# Java VM: OpenJDK 64-Bit Server VM (25.292-b10 mixed mode linux-amd64 compressed oops)
Heap:
 PSYoungGen      total 587776K, used 424835K [0x000000076dc00000, 0x0000000793d80000, 0x00000007c0000000)
  eden space 580096K, 71% used [0x000000076dc00000,0x00000007873d7630,0x0000000791280000)
  from space 7680K, 93% used [0x0000000793600000,0x0000000793d096c8,0x0000000793d80000)
  to   space 21504K, 0% used [0x0000000791380000,0x0000000791380000,0x0000000792880000)
 ParOldGen       total 157184K, used 47321K [0x00000006c9400000, 0x00000006d2d80000, 0x000000076dc00000)
  object space 157184K, 30% used [0x00000006c9400000,0x00000006cc236708,0x00000006d2d80000)
 Metaspace       used 62155K, capacity 62888K, committed 63488K, reserved 1105920K
  class space    used 6906K, capacity 7153K, committed 7168K, reserved 1048576K
GC Heap History (10 events):
Event: 4,250 GC heap before
{Heap before GC invocations=9 (full 2):
 PSYoungGen      total 268800K, used 17519K [0x000000076dc00000, 0x0000000789e80000, 0x00000007c0000000)
  eden space 250880K, 0% used [0x000000076dc00000,0x000000076dc00000,0x000000077d100000)
  from space 17920K, 97% used [0x000000077d100000,0x000000077e21be90,0x000000077e280000)
  to   space 20480K, 0% used [0x0000000788a80000,0x0000000788a80000,0x0000000789e80000)
 ParOldGen       total 94720K, used 15734K [0x00000006c9400000, 0x00000006cf080000, 0x000000076dc00000)
  object space 94720K, 16% used [0x00000006c9400000,0x00000006ca35d8b8,0x00000006cf080000)
 Metaspace       used 34637K, capacity 34986K, committed 35416K, reserved 1081344K
  class space    used 3862K, capacity 4013K, committed 4096K, reserved 1048576K
Event: 4,342 GC heap after
Heap after GC invocations=9 (full 2):
 PSYoungGen      total 268800K, used 0K [0x000000076dc00000, 0x0000000789e80000, 0x00000007c0000000)
  eden space 250880K, 0% used [0x000000076dc00000,0x000000076dc00000,0x000000077d100000)
  from space 17920K, 0% used [0x000000077d100000,0x000000077d100000,0x000000077e280000)
  to   space 20480K, 0% used [0x0000000788a80000,0x0000000788a80000,0x0000000789e80000)
 ParOldGen       total 125440K, used 32107K [0x00000006c9400000, 0x00000006d0e80000, 0x000000076dc00000)
  object space 125440K, 25% used [0x00000006c9400000,0x00000006cb35ad38,0x00000006d0e80000)
 Metaspace       used 34637K, capacity 34986K, committed 35416K, reserved 1081344K
  class space    used 3862K, capacity 4013K, committed 4096K, reserved 1048576K
}
Event: 5,622 GC heap before
{Heap before GC invocations=10 (full 2):
 PSYoungGen      total 268800K, used 250880K [0x000000076dc00000, 0x0000000789e80000, 0x00000007c0000000)
  eden space 250880K, 100% used [0x000000076dc00000,0x000000077d100000,0x000000077d100000)
  from space 17920K, 0% used [0x000000077d100000,0x000000077d100000,0x000000077e280000)
  to   space 20480K, 0% used [0x0000000788a80000,0x0000000788a80000,0x0000000789e80000)
 ParOldGen       total 125440K, used 32107K [0x00000006c9400000, 0x00000006d0e80000, 0x000000076dc00000)
  object space 125440K, 25% used [0x00000006c9400000,0x00000006cb35ad38,0x00000006d0e80000)
 Metaspace       used 43203K, capacity 43618K, committed 44288K, reserved 1089536K
  class space    used 4932K, capacity 5058K, committed 5120K, reserved 1048576K
Event: 5,631 GC heap after
Heap after GC invocations=10 (full 2):
 PSYoungGen      total 441856K, used 11171K [0x000000076dc00000, 0x000000078ac80000, 0x00000007c0000000)
  eden space 421376K, 0% used [0x000000076dc00000,0x000000076dc00000,0x0000000787780000)
  from space 20480K, 54% used [0x0000000788a80000,0x0000000789568d30,0x0000000789e80000)
  to   space 19456K, 0% used [0x0000000787780000,0x0000000787780000,0x0000000788a80000)
 ParOldGen       total 125440K, used 32115K [0x00000006c9400000, 0x00000006d0e80000, 0x000000076dc00000)
  object space 125440K, 25% used [0x00000006c9400000,0x00000006cb35cd38,0x00000006d0e80000)
 Metaspace       used 43203K, capacity 43618K, committed 44288K, reserved 1089536K
  class space    used 4932K, capacity 5058K, committed 5120K, reserved 1048576K
}
Event: 8,457 GC heap before
{Heap before GC invocations=11 (full 2):
 PSYoungGen      total 441856K, used 300135K [0x000000076dc00000, 0x000000078ac80000, 0x00000007c0000000)
  eden space 421376K, 68% used [0x000000076dc00000,0x000000077f631278,0x0000000787780000)
  from space 20480K, 54% used [0x0000000788a80000,0x0000000789568d30,0x0000000789e80000)
  to   space 19456K, 0% used [0x0000000787780000,0x0000000787780000,0x0000000788a80000)
 ParOldGen       total 125440K, used 32115K [0x00000006c9400000, 0x00000006d0e80000, 0x000000076dc00000)
  object space 125440K, 25% used [0x00000006c9400000,0x00000006cb35cd38,0x00000006d0e80000)
 Metaspace       used 57844K, capacity 58458K, committed 59008K, reserved 1101824K
  class space    used 6528K, capacity 6770K, committed 6784K, reserved 1048576K
Event: 8,469 GC heap after
Heap after GC invocations=11 (full 2):
 PSYoungGen      total 440832K, used 19348K [0x000000076dc00000, 0x0000000794b80000, 0x00000007c0000000)
  eden space 421376K, 0% used [0x000000076dc00000,0x000000076dc00000,0x0000000787780000)
  from space 19456K, 99% used [0x0000000787780000,0x0000000788a65130,0x0000000788a80000)
  to   space 22016K, 0% used [0x0000000793600000,0x0000000793600000,0x0000000794b80000)
 ParOldGen       total 125440K, used 32123K [0x00000006c9400000, 0x00000006d0e80000, 0x000000076dc00000)
  object space 125440K, 25% used [0x00000006c9400000,0x00000006cb35ed38,0x00000006d0e80000)
 Metaspace       used 57844K, capacity 58458K, committed 59008K, reserved 1101824K
  class space    used 6528K, capacity 6770K, committed 6784K, reserved 1048576K
}
Event: 8,469 GC heap before
{Heap before GC invocations=12 (full 3):
 PSYoungGen      total 440832K, used 19348K [0x000000076dc00000, 0x0000000794b80000, 0x00000007c0000000)
  eden space 421376K, 0% used [0x000000076dc00000,0x000000076dc00000,0x0000000787780000)
  from space 19456K, 99% used [0x0000000787780000,0x0000000788a65130,0x0000000788a80000)
  to   space 22016K, 0% used [0x0000000793600000,0x0000000793600000,0x0000000794b80000)
 ParOldGen       total 125440K, used 32123K [0x00000006c9400000, 0x00000006d0e80000, 0x000000076dc00000)
  object space 125440K, 25% used [0x00000006c9400000,0x00000006cb35ed38,0x00000006d0e80000)
 Metaspace       used 57844K, capacity 58458K, committed 59008K, reserved 1101824K
  class space    used 6528K, capacity 6770K, committed 6784K, reserved 1048576K
Event: 8,623 GC heap after
Heap after GC invocations=12 (full 3):
 PSYoungGen      total 440832K, used 0K [0x000000076dc00000, 0x0000000794b80000, 0x00000007c0000000)
  eden space 421376K, 0% used [0x000000076dc00000,0x000000076dc00000,0x0000000787780000)
  from space 19456K, 0% used [0x0000000787780000,0x0000000787780000,0x0000000788a80000)
  to   space 22016K, 0% used [0x0000000793600000,0x0000000793600000,0x0000000794b80000)
 ParOldGen       total 157184K, used 47313K [0x00000006c9400000, 0x00000006d2d80000, 0x000000076dc00000)
  object space 157184K, 30% used [0x00000006c9400000,0x00000006cc234708,0x00000006d2d80000)
 Metaspace       used 57844K, capacity 58458K, committed 59008K, reserved 1101824K
  class space    used 6528K, capacity 6770K, committed 6784K, reserved 1048576K
}
Event: 12,596 GC heap before
{Heap before GC invocations=13 (full 3):
 PSYoungGen      total 440832K, used 421376K [0x000000076dc00000, 0x0000000794b80000, 0x00000007c0000000)
  eden space 421376K, 100% used [0x000000076dc00000,0x0000000787780000,0x0000000787780000)
  from space 19456K, 0% used [0x0000000787780000,0x0000000787780000,0x0000000788a80000)
  to   space 22016K, 0% used [0x0000000793600000,0x0000000793600000,0x0000000794b80000)
 ParOldGen       total 157184K, used 47313K [0x00000006c9400000, 0x00000006d2d80000, 0x000000076dc00000)
  object space 157184K, 30% used [0x00000006c9400000,0x00000006cc234708,0x00000006d2d80000)
 Metaspace       used 59991K, capacity 60660K, committed 61568K, reserved 1103872K
  class space    used 6739K, capacity 6967K, committed 7040K, reserved 1048576K
Event: 12,614 GC heap after
Heap after GC invocations=13 (full 3):
 PSYoungGen      total 587776K, used 7205K [0x000000076dc00000, 0x0000000793d80000, 0x00000007c0000000)
  eden space 580096K, 0% used [0x000000076dc00000,0x000000076dc00000,0x0000000791280000)
  from space 7680K, 93% used [0x0000000793600000,0x0000000793d096c8,0x0000000793d80000)
  to   space 21504K, 0% used [0x0000000791380000,0x0000000791380000,0x0000000792880000)
 ParOldGen       total 157184K, used 47321K [0x00000006c9400000, 0x00000006d2d80000, 0x000000076dc00000)
  object space 157184K, 30% used [0x00000006c9400000,0x00000006cc236708,0x00000006d2d80000)
 Metaspace       used 59991K, capacity 60660K, committed 61568K, reserved 1103872K
  class space    used 6739K, capacity 6967K, committed 7040K, reserved 1048576K
}

